# JRE version: Java(TM) SE Runtime Environment (8.0_101-b13) (build 1.8.0_101-b13)
# Java VM: Java HotSpot(TM) 64-Bit Server VM (25.101-b13 mixed mode linux-amd64 compressed oops)
Heap:
 PSYoungGen      total 239104K, used 16878K [0x00000000d7000000, 0x00000000e6a80000, 0x0000000100000000)
  eden space 222208K, 0% used [0x00000000d7000000,0x00000000d7000000,0x00000000e4900000)
  from space 16896K, 99% used [0x00000000e4900000,0x00000000e597b868,0x00000000e5980000)
  to   space 14848K, 0% used [0x00000000e5980000,0x00000000e5980000,0x00000000e6800000)
 ParOldGen       total 81408K, used 25118K [0x0000000085000000, 0x0000000089f80000, 0x00000000d7000000)
  object space 81408K, 30% used [0x0000000085000000,0x0000000086887b10,0x0000000089f80000)
 Metaspace       used 47852K, capacity 49166K, committed 49368K, reserved 1091584K
  class space    used 6560K, capacity 6894K, committed 6912K, reserved 1048576K
GC Heap History (10 events):
Event: 2,882 GC heap after
Heap after GC invocations=4 (full 0):
 PSYoungGen      total 132096K, used 5088K [0x00000000d7000000, 0x00000000df600000, 0x0000000100000000)
  eden space 126976K, 0% used [0x00000000d7000000,0x00000000d7000000,0x00000000dec00000)
  from space 5120K, 99% used [0x00000000df100000,0x00000000df5f8050,0x00000000df600000)
  to   space 5120K, 0% used [0x00000000dec00000,0x00000000dec00000,0x00000000df100000)
 ParOldGen       total 84992K, used 8945K [0x0000000085000000, 0x000000008a300000, 0x00000000d7000000)
  object space 84992K, 10% used [0x0000000085000000,0x00000000858bc5d8,0x000000008a300000)
 Metaspace       used 20849K, capacity 21116K, committed 21248K, reserved 1067008K
  class space    used 2872K, capacity 2965K, committed 3072K, reserved 1048576K
}
Event: 2,882 GC heap before
{Heap before GC invocations=5 (full 1):
 PSYoungGen      total 132096K, used 5088K [0x00000000d7000000, 0x00000000df600000, 0x0000000100000000)
  eden space 126976K, 0% used [0x00000000d7000000,0x00000000d7000000,0x00000000dec00000)
  from space 5120K, 99% used [0x00000000df100000,0x00000000df5f8050,0x00000000df600000)
  to   space 5120K, 0% used [0x00000000dec00000,0x00000000dec00000,0x00000000df100000)
 ParOldGen       total 84992K, used 8945K [0x0000000085000000, 0x000000008a300000, 0x00000000d7000000)
  object space 84992K, 10% used [0x0000000085000000,0x00000000858bc5d8,0x000000008a300000)
 Metaspace       used 20849K, capacity 21116K, committed 21248K, reserved 1067008K
  class space    used 2872K, capacity 2965K, committed 3072K, reserved 1048576K
Event: 2,923 GC heap after
Heap after GC invocations=5 (full 1):
 PSYoungGen      total 132096K, used 0K [0x00000000d7000000, 0x00000000df600000, 0x0000000100000000)
  eden space 126976K, 0% used [0x00000000d7000000,0x00000000d7000000,0x00000000dec00000)
  from space 5120K, 0% used [0x00000000df100000,0x00000000df100000,0x00000000df600000)
  to   space 5120K, 0% used [0x00000000dec00000,0x00000000dec00000,0x00000000df100000)
 ParOldGen       total 53248K, used 8252K [0x0000000085000000, 0x0000000088400000, 0x00000000d7000000)
  object space 53248K, 15% used [0x0000000085000000,0x000000008580f0e8,0x0000000088400000)
 Metaspace       used 20849K, capacity 21116K, committed 21248K, reserved 1067008K
  class space    used 2872K, capacity 2965K, committed 3072K, reserved 1048576K
}
Event: 5,259 GC heap before
{Heap before GC invocations=6 (full 1):
 PSYoungGen      total 132096K, used 126976K [0x00000000d7000000, 0x00000000df600000, 0x0000000100000000)
  eden space 126976K, 100% used [0x00000000d7000000,0x00000000dec00000,0x00000000dec00000)
  from space 5120K, 0% used [0x00000000df100000,0x00000000df100000,0x00000000df600000)
  to   space 5120K, 0% used [0x00000000dec00000,0x00000000dec00000,0x00000000df100000)
 ParOldGen       total 53248K, used 8252K [0x0000000085000000, 0x0000000088400000, 0x00000000d7000000)
  object space 53248K, 15% used [0x0000000085000000,0x000000008580f0e8,0x0000000088400000)
 Metaspace       used 30742K, capacity 31268K, committed 31616K, reserved 1077248K
  class space    used 4256K, capacity 4451K, committed 4480K, reserved 1048576K
Event: 5,275 GC heap after
Heap after GC invocations=6 (full 1):
 PSYoungGen      total 132096K, used 5091K [0x00000000d7000000, 0x00000000e6800000, 0x0000000100000000)
  eden space 126976K, 0% used [0x00000000d7000000,0x00000000d7000000,0x00000000dec00000)
  from space 5120K, 99% used [0x00000000dec00000,0x00000000df0f8fe0,0x00000000df100000)
  to   space 14848K, 0% used [0x00000000e5980000,0x00000000e5980000,0x00000000e6800000)
 ParOldGen       total 53248K, used 15023K [0x0000000085000000, 0x0000000088400000, 0x00000000d7000000)
  object space 53248K, 28% used [0x0000000085000000,0x0000000085eabdc8,0x0000000088400000)
 Metaspace       used 30742K, capacity 31268K, committed 31616K, reserved 1077248K
  class space    used 4256K, capacity 4451K, committed 4480K, reserved 1048576K
}
Event: 6,463 GC heap before
{Heap before GC invocations=7 (full 1):
 PSYoungGen      total 132096K, used 98759K [0x00000000d7000000, 0x00000000e6800000, 0x0000000100000000)
  eden space 126976K, 73% used [0x00000000d7000000,0x00000000dcb78eb8,0x00000000dec00000)
  from space 5120K, 99% used [0x00000000dec00000,0x00000000df0f8fe0,0x00000000df100000)
  to   space 14848K, 0% used [0x00000000e5980000,0x00000000e5980000,0x00000000e6800000)
 ParOldGen       total 53248K, used 15023K [0x0000000085000000, 0x0000000088400000, 0x00000000d7000000)
  object space 53248K, 28% used [0x0000000085000000,0x0000000085eabdc8,0x0000000088400000)
 Metaspace       used 34614K, capacity 35262K, committed 35416K, reserved 1079296K
  class space    used 4741K, capacity 4966K, committed 4992K, reserved 1048576K
Event: 6,503 GC heap after
Heap after GC invocations=7 (full 1):
 PSYoungGen      total 237056K, used 14414K [0x00000000d7000000, 0x00000000e6a80000, 0x0000000100000000)
  eden space 222208K, 0% used [0x00000000d7000000,0x00000000d7000000,0x00000000e4900000)
  from space 14848K, 97% used [0x00000000e5980000,0x00000000e6793b08,0x00000000e6800000)
  to   space 16896K, 0% used [0x00000000e4900000,0x00000000e4900000,0x00000000e5980000)
 ParOldGen       total 53248K, used 15031K [0x0000000085000000, 0x0000000088400000, 0x00000000d7000000)
  object space 53248K, 28% used [0x0000000085000000,0x0000000085eaddc8,0x0000000088400000)
 Metaspace       used 34614K, capacity 35262K, committed 35416K, reserved 1079296K
  class space    used 4741K, capacity 4966K, committed 4992K, reserved 1048576K
}
Event: 6,503 GC heap before
{Heap before GC invocations=8 (full 2):
 PSYoungGen      total 237056K, used 14414K [0x00000000d7000000, 0x00000000e6a80000, 0x0000000100000000)
  eden space 222208K, 0% used [0x00000000d7000000,0x00000000d7000000,0x00000000e4900000)
  from space 14848K, 97% used [0x00000000e5980000,0x00000000e6793b08,0x00000000e6800000)
  to   space 16896K, 0% used [0x00000000e4900000,0x00000000e4900000,0x00000000e5980000)
 ParOldGen       total 53248K, used 15031K [0x0000000085000000, 0x0000000088400000, 0x00000000d7000000)
  object space 53248K, 28% used [0x0000000085000000,0x0000000085eaddc8,0x0000000088400000)
 Metaspace       used 34614K, capacity 35262K, committed 35416K, reserved 1079296K
  class space    used 4741K, capacity 4966K, committed 4992K, reserved 1048576K
Event: 6,592 GC heap after
Heap after GC invocations=8 (full 2):
 PSYoungGen      total 237056K, used 0K [0x00000000d7000000, 0x00000000e6a80000, 0x0000000100000000)
  eden space 222208K, 0% used [0x00000000d7000000,0x00000000d7000000,0x00000000e4900000)
  from space 14848K, 0% used [0x00000000e5980000,0x00000000e5980000,0x00000000e6800000)
  to   space 16896K, 0% used [0x00000000e4900000,0x00000000e4900000,0x00000000e5980000)
 ParOldGen       total 81408K, used 22399K [0x0000000085000000, 0x0000000089f80000, 0x00000000d7000000)
  object space 81408K, 27% used [0x0000000085000000,0x00000000865dfec8,0x0000000089f80000)
 Metaspace       used 34614K, capacity 35262K, committed 35416K, reserved 1079296K
  class space    used 4741K, capacity 4966K, committed 4992K, reserved 1048576K
}
Event: 16,876 GC heap before
{Heap before GC invocations=9 (full 2):
 PSYoungGen      total 237056K, used 222208K [0x00000000d7000000, 0x00000000e6a80000, 0x0000000100000000)
  eden space 222208K, 100% used [0x00000000d7000000,0x00000000e4900000,0x00000000e4900000)
  from space 14848K, 0% used [0x00000000e5980000,0x00000000e5980000,0x00000000e6800000)
  to   space 16896K, 0% used [0x00000000e4900000,0x00000000e4900000,0x00000000e5980000)
 ParOldGen       total 81408K, used 22399K [0x0000000085000000, 0x0000000089f80000, 0x00000000d7000000)
  object space 81408K, 27% used [0x0000000085000000,0x00000000865dfec8,0x0000000089f80000)
 Metaspace       used 47852K, capacity 49166K, committed 49368K, reserved 1091584K
  class space    used 6560K, capacity 6894K, committed 6912K, reserved 1048576K

